2012/10/24 06:51:38 [error] [php] include(CJavaScriptExpression.php): failed to open stream: No such file or directory (/var/www/yii/framework/YiiBase.php:430)
Stack trace:
#0 /var/www/yii/framework/web/widgets/CActiveForm.php(482): spl_autoload_call()
#1 /var/www/gitblog/protected/views/site/contact.php(43): CActiveForm->error()
#2 /var/www/yii/framework/web/CBaseController.php(127): require()
#3 /var/www/yii/framework/web/CBaseController.php(96): SiteController->renderInternal()
#4 /var/www/yii/framework/web/CController.php(870): SiteController->renderFile()
#5 /var/www/yii/framework/web/CController.php(783): SiteController->renderPartial()
#6 /var/www/gitblog/protected/controllers/SiteController.php(72): SiteController->render()
#7 /var/www/yii/framework/web/actions/CInlineAction.php(50): SiteController->actionContact()
#8 /var/www/yii/framework/web/CController.php(309): CInlineAction->runWithParams()
#9 /var/www/yii/framework/web/CController.php(287): SiteController->runAction()
#10 /var/www/yii/framework/web/CController.php(266): SiteController->runActionWithFilters()
#11 /var/www/yii/framework/web/CWebApplication.php(283): SiteController->run()
#12 /var/www/yii/framework/web/CWebApplication.php(142): CWebApplication->runController()
#13 /var/www/yii/framework/base/CApplication.php(162): CWebApplication->processRequest()
#14 /var/www/gitblog/index.php(13): CWebApplication->run()
REQUEST_URI=/index.php?r=site/contact
in /var/www/gitblog/protected/views/site/contact.php (43)
in /var/www/gitblog/protected/controllers/SiteController.php (72)
in /var/www/gitblog/index.php (13)
2012/10/24 07:02:19 [error] [php] include(ClientScript.php): failed to open stream: No such file or directory (/var/www/yii/framework/YiiBase.php:430)
Stack trace:
#0 /var/www/yii/framework/YiiBase.php(198): import()
#1 /var/www/yii/framework/base/CModule.php(387): createComponent()
#2 /var/www/yii/framework/base/CModule.php(104): CWebApplication->getComponent()
#3 /var/www/yii/framework/web/widgets/captcha/CCaptcha.php(110): CWebApplication->__get()
#4 /var/www/yii/framework/web/widgets/captcha/CCaptcha.php(86): CCaptcha->registerClientScript()
#5 /var/www/yii/framework/web/CBaseController.php(174): CCaptcha->run()
#6 /var/www/gitblog/protected/views/site/contact.php(68): SiteController->widget()
#7 /var/www/yii/framework/web/CBaseController.php(127): require()
#8 /var/www/yii/framework/web/CBaseController.php(96): SiteController->renderInternal()
#9 /var/www/yii/framework/web/CController.php(870): SiteController->renderFile()
#10 /var/www/yii/framework/web/CController.php(783): SiteController->renderPartial()
#11 /var/www/gitblog/protected/controllers/SiteController.php(72): SiteController->render()
#12 /var/www/yii/framework/web/actions/CInlineAction.php(50): SiteController->actionContact()
#13 /var/www/yii/framework/web/CController.php(309): CInlineAction->runWithParams()
#14 /var/www/yii/framework/web/CController.php(287): SiteController->runAction()
#15 /var/www/yii/framework/web/CController.php(266): SiteController->runActionWithFilters()
#16 /var/www/yii/framework/web/CWebApplication.php(283): SiteController->run()
#17 /var/www/yii/framework/web/CWebApplication.php(142): CWebApplication->runController()
#18 /var/www/yii/framework/base/CApplication.php(162): CWebApplication->processRequest()
#19 /var/www/gitblog/index.php(13): CWebApplication->run()
REQUEST_URI=/index.php?r=site/contact
in /var/www/gitblog/protected/views/site/contact.php (68)
in /var/www/gitblog/protected/controllers/SiteController.php (72)
in /var/www/gitblog/index.php (13)
